<?xml version="1.0" encoding="UTF-8"?>
<!-- Generated by org.testng.reporters.JUnitReportReporter -->
<testsuite skipped="0" hostname="LAPTOP-A003P5EU" name="joinassembly.LoginPageValidation" tests="2" failures="0" timestamp="23 Jun 2020 06:04:43 GMT" time="21.985" errors="0">
  <testcase name="validateLogin" time="9.379" classname="joinassembly.LoginPageValidation"/>
  <testcase name="validateLogin" time="12.606" classname="joinassembly.LoginPageValidation"/>
</testsuite> <!-- joinassembly.LoginPageValidation -->
