<?xml version="1.0" encoding="UTF-8"?>
<!-- Generated by org.testng.reporters.JUnitReportReporter -->
<testsuite skipped="0" hostname="LAPTOP-A003P5EU" name="joinassembly.Baseclass" tests="1" failures="0" timestamp="2020-06-21T20:37:57 IST" time="0.008" errors="0">
  <testcase name="setchromepath" time="0.008" classname="joinassembly.Baseclass"/>
</testsuite> <!-- joinassembly.Baseclass -->
